[03/13/18, 07:36:16:892] info: ╔═════════════════════════════════════════════════════════════════════════════════╗
[03/13/18, 07:36:16:893] info: ║      Slack 3.1.0, linux 4.15.0-10-generic on x64 at 03/13/18, 07:36:16:890      ║
[03/13/18, 07:36:16:893] info: ╚═════════════════════════════════════════════════════════════════════════════════╝
[03/13/18, 07:36:17:110] info: Initializing local storage instance at path: /home/andy/.config/Slack/local-settings.json
[03/13/18, 07:36:17:215] info: NetworkStatus: Waiting for network online…
[03/13/18, 07:36:17:470] info: NetworkStatus: Response from api.test
{
  "status": "online"
}
[03/13/18, 07:36:17:872] info: Store: SET_NETWORK_STATUS online
[03/13/18, 07:36:29:154] info: Store: ADD_NEW_TEAM
{
  "id": "U49JVUZC0",
  "name": "[REDACTED]",
  "team_id": "T4AA7TJ1G",
  "team_name": "[REDACTED]",
  "team_url": "[REDACTED]"
}
[03/13/18, 07:36:29:166] info: Store: UPSERT_WEB_CONTENTS
{
  "id": 3,
  "state": "unloaded",
  "teamId": "T4AA7TJ1G"
}
[03/13/18, 07:36:29:183] info: Store: FOREGROUND_APP
[03/13/18, 07:36:29:185] info: Store: MAIN_WINDOW_SHOWN
[03/13/18, 07:36:29:198] info: Store: SET_FULL_SCREEN
[03/13/18, 07:36:29:198] info: Store: SET_FULL_SCREEN
[03/13/18, 07:36:29:205] info: Store: SET_FULL_SCREEN
[03/13/18, 07:36:30:193] info: Store: SAVE_WINDOW_SETTINGS
{
  "isMaximized": false,
  "position": [
    2008,
    164
  ],
  "size": [
    1024,
    813
  ]
}
[03/13/18, 07:36:32:360] info: Store: UPSERT_WEB_CONTENTS
{
  "id": 3,
  "state": "loaded",
  "teamId": "T4AA7TJ1G"
}
[03/13/18, 07:36:32:536] info: Store: UPDATE_SESSION_STATUS
{
  "hasValidSession": true,
  "teamId": "T4AA7TJ1G"
}
[03/13/18, 07:36:32:941] info: Store: SELECT_CHANNEL C4ACUJ2HK
[03/13/18, 07:36:32:943] info: Store: UPDATE_TEAM_LOCALE
{
  "locale": "en-US",
  "teamId": "T4AA7TJ1G"
}
[03/13/18, 07:36:32:945] info: Store: UPDATE_SETTINGS
{
  "locale": "en-US"
}
[03/13/18, 07:36:32:949] info: Store: UPDATE_TEAM_THEME
{
  "teamId": "T4AA7TJ1G",
  "theme": {
    "active_item": "#4C9689",
    "active_item_text": "#FFFFFF",
    "active_presence": "#38978D",
    "badge": "#EB4D5C",
    "column_bg": "#4D394B",
    "hover_item": "#3E313C",
    "menu_bg": "#3E313C",
    "text_color": "#FFFFFF"
  }
}
[03/13/18, 07:36:33:110] info: Store: UPDATE_TEAM_ICONS
{
  "icons": {
    "image_102": "https://slack-files2.s3-us-west-2.amazonaws.com/avatars/2017-03-14/154728182087_c6b7bdcc833c499b1f4e_102.jpg",
    "image_132": "https://slack-files2.s3-us-west-2.amazonaws.com/avatars/2017-03-14/154728182087_c6b7bdcc833c499b1f4e_132.jpg",
    "image_230": "https://slack-files2.s3-us-west-2.amazonaws.com/avatars/2017-03-14/154728182087_c6b7bdcc833c499b1f4e_230.jpg",
    "image_34": "https://slack-files2.s3-us-west-2.amazonaws.com/avatars/2017-03-14/154728182087_c6b7bdcc833c499b1f4e_34.jpg",
    "image_44": "https://slack-files2.s3-us-west-2.amazonaws.com/avatars/2017-03-14/154728182087_c6b7bdcc833c499b1f4e_44.jpg",
    "image_68": "https://slack-files2.s3-us-west-2.amazonaws.com/avatars/2017-03-14/154728182087_c6b7bdcc833c499b1f4e_68.jpg",
    "image_88": "https://slack-files2.s3-us-west-2.amazonaws.com/avatars/2017-03-14/154728182087_c6b7bdcc833c499b1f4e_88.jpg",
    "image_original": "https://slack-files2.s3-us-west-2.amazonaws.com/avatars/2017-03-14/154728182087_c6b7bdcc833c499b1f4e_original.jpg"
  },
  "teamId": "T4AA7TJ1G"
}
[03/13/18, 07:36:33:183] info: Store: UPDATE_TEAM_LOCALE
{
  "locale": "en-US",
  "teamId": "T4AA7TJ1G"
}
[03/13/18, 07:36:33:189] info: Store: UPSERT_WEB_CONTENTS
{
  "id": 3,
  "state": "webapp-loaded",
  "teamId": "T4AA7TJ1G"
}
[03/13/18, 07:36:33:448] info: Store: STORE_API_TOKEN
{
  "teamId": "T4AA7TJ1G",
  "token": "xoxs-⋯"
}
[03/13/18, 07:36:34:074] info: Store: SET_FULL_SCREEN
[03/13/18, 07:36:35:074] info: Store: SAVE_WINDOW_SETTINGS
{
  "isMaximized": false,
  "position": [
    2520,
    62
  ],
  "size": [
    840,
    988
  ]
}
[03/13/18, 07:36:47:132] info: Store: SET_FULL_SCREEN
[03/13/18, 07:37:08:329] info: Store: SET_FULL_SCREEN
[03/13/18, 07:37:09:380] info: Store: SET_FULL_SCREEN
[03/13/18, 07:37:09:865] info: Store: SET_FULL_SCREEN
[03/13/18, 07:37:10:866] info: Store: SAVE_WINDOW_SETTINGS
{
  "isMaximized": false,
  "position": [
    2520,
    62
  ],
  "size": [
    840,
    988
  ]
}
[03/13/18, 07:37:43:611] info: Store: SET_FULL_SCREEN
[03/13/18, 07:37:57:280] info: Store: SET_FULL_SCREEN
[03/13/18, 07:38:07:083] info: Store: SET_FULL_SCREEN
[03/13/18, 07:38:33:876] info: Store: SET_FULL_SCREEN
[03/13/18, 07:38:44:004] info: Store: SET_FULL_SCREEN
[03/13/18, 07:43:37:356] info: Store: SAVE_WINDOW_SETTINGS
{
  "isMaximized": false,
  "position": [
    2520,
    66
  ],
  "size": [
    840,
    984
  ]
}
[03/13/18, 09:04:11:967] info: Store: NEW_NOTIFICATION
{
  "avatarImage": "https://ca.slack-edge.com/T4AA7TJ1G-U4B16NXP1-59723e240d0e-512",
  "channel": "D4B0W0R46",
  "content": "[REDACTED]",
  "id": "4Q50cJhW96PrW7x",
  "imageUri": null,
  "launchUri": "slack://channel?id=D4B0W0R46&message=1520949851.000776&team=T4AA7TJ1G",
  "msg": "1520949851.000776",
  "silent": true,
  "subtitle": "",
  "teamId": "T4AA7TJ1G",
  "title": "[REDACTED]"
}
[03/13/18, 09:05:24:950] info: Store: NEW_NOTIFICATION
{
  "avatarImage": "https://ca.slack-edge.com/T4AA7TJ1G-U4B16NXP1-59723e240d0e-512",
  "channel": "D4B0W0R46",
  "content": "[REDACTED]",
  "id": "k8y4Uki9qXZW5vL",
  "imageUri": null,
  "launchUri": "slack://channel?id=D4B0W0R46&message=1520949924.000723&team=T4AA7TJ1G",
  "msg": "1520949924.000723",
  "silent": true,
  "subtitle": "",
  "teamId": "T4AA7TJ1G",
  "title": "[REDACTED]"
}
[03/13/18, 09:09:35:704] info: Store: NEW_NOTIFICATION
{
  "avatarImage": "https://ca.slack-edge.com/T4AA7TJ1G-U4ACYKFJ6-4e4ff2b01d7d-512",
  "channel": "D4AFK958V",
  "content": "[REDACTED]",
  "id": "XL1OtBskZwROy7K",
  "imageUri": null,
  "launchUri": "slack://channel?id=D4AFK958V&message=1520950175.000544&team=T4AA7TJ1G",
  "msg": "1520950175.000544",
  "silent": true,
  "subtitle": "",
  "teamId": "T4AA7TJ1G",
  "title": "[REDACTED]"
}
[03/13/18, 09:13:19:255] info: Store: NEW_NOTIFICATION
{
  "avatarImage": "https://ca.slack-edge.com/T4AA7TJ1G-U4ACYKFJ6-4e4ff2b01d7d-512",
  "channel": "D4AFK958V",
  "content": "[REDACTED]",
  "id": "gZr4UYt3LXQgGnV",
  "imageUri": null,
  "launchUri": "slack://channel?id=D4AFK958V&message=1520950399.000137&team=T4AA7TJ1G",
  "msg": "1520950399.000137",
  "silent": true,
  "subtitle": "",
  "teamId": "T4AA7TJ1G",
  "title": "[REDACTED]"
}
[03/13/18, 14:34:53:132] info: Store: UPSERT_WEB_CONTENTS
{
  "id": 3,
  "state": "page-will-navigate",
  "teamId": "T4AA7TJ1G"
}
[03/13/18, 14:34:53:322] info: Store: UPDATE_SESSION_STATUS
{
  "hasValidSession": true,
  "teamId": "T4AA7TJ1G"
}
[03/13/18, 14:34:56:206] info: Store: UPSERT_WEB_CONTENTS
{
  "id": 3,
  "state": "loaded",
  "teamId": "T4AA7TJ1G"
}
[03/13/18, 14:34:56:394] info: Store: UPDATE_SESSION_STATUS
{
  "hasValidSession": true,
  "teamId": "T4AA7TJ1G"
}
[03/13/18, 14:34:56:591] info: Store: SELECT_CHANNEL C4ACUJ2HK
[03/13/18, 14:34:56:593] info: Store: UPDATE_TEAM_LOCALE
{
  "locale": "en-US"
}
[03/13/18, 14:34:57:062] info: Store: UPDATE_TEAM_ICONS
{
  "icons": {
    "image_102": "https://slack-files2.s3-us-west-2.amazonaws.com/avatars/2017-03-14/154728182087_c6b7bdcc833c499b1f4e_102.jpg",
    "image_132": "https://slack-files2.s3-us-west-2.amazonaws.com/avatars/2017-03-14/154728182087_c6b7bdcc833c499b1f4e_132.jpg",
    "image_230": "https://slack-files2.s3-us-west-2.amazonaws.com/avatars/2017-03-14/154728182087_c6b7bdcc833c499b1f4e_230.jpg",
    "image_34": "https://slack-files2.s3-us-west-2.amazonaws.com/avatars/2017-03-14/154728182087_c6b7bdcc833c499b1f4e_34.jpg",
    "image_44": "https://slack-files2.s3-us-west-2.amazonaws.com/avatars/2017-03-14/154728182087_c6b7bdcc833c499b1f4e_44.jpg",
    "image_68": "https://slack-files2.s3-us-west-2.amazonaws.com/avatars/2017-03-14/154728182087_c6b7bdcc833c499b1f4e_68.jpg",
    "image_88": "https://slack-files2.s3-us-west-2.amazonaws.com/avatars/2017-03-14/154728182087_c6b7bdcc833c499b1f4e_88.jpg",
    "image_original": "https://slack-files2.s3-us-west-2.amazonaws.com/avatars/2017-03-14/154728182087_c6b7bdcc833c499b1f4e_original.jpg"
  },
  "teamId": "T4AA7TJ1G"
}
[03/13/18, 14:34:57:151] info: Store: UPDATE_TEAM_LOCALE
{
  "locale": "en-US",
  "teamId": "T4AA7TJ1G"
}
[03/13/18, 14:34:57:153] info: Store: UPSERT_WEB_CONTENTS
{
  "id": 3,
  "state": "webapp-loaded",
  "teamId": "T4AA7TJ1G"
}
[03/13/18, 14:34:57:273] info: Store: UPDATE_TEAM_THEME
{
  "teamId": "T4AA7TJ1G",
  "theme": {
    "active_item": "#4C9689",
    "active_item_text": "#FFFFFF",
    "active_presence": "#38978D",
    "badge": "#EB4D5C",
    "column_bg": "#4D394B",
    "hover_item": "#3E313C",
    "menu_bg": "#3E313C",
    "text_color": "#FFFFFF"
  }
}
[03/13/18, 14:38:06:954] info: Store: NEW_NOTIFICATION
{
  "avatarImage": "https://ca.slack-edge.com/T4AA7TJ1G-U4ACYKFJ6-4e4ff2b01d7d-512",
  "channel": "C4ACUJ2HK",
  "content": "[REDACTED]",
  "id": "P5QWt4hjqw3lVw5",
  "imageUri": null,
  "launchUri": "slack://channel?id=C4ACUJ2HK&message=1520969887.000094&team=T4AA7TJ1G",
  "msg": "1520969887.000094",
  "silent": true,
  "subtitle": "",
  "teamId": "T4AA7TJ1G",
  "title": "[REDACTED]"
}
[03/13/18, 14:42:26:490] info: Store: SET_FULL_SCREEN
[03/13/18, 14:42:57:645] info: Store: SET_FULL_SCREEN
[03/13/18, 14:43:06:185] info: Store: SET_FULL_SCREEN
[03/13/18, 14:43:13:617] info: Store: SET_FULL_SCREEN
[03/13/18, 14:49:40:619] info: Store: SET_FULL_SCREEN
[03/13/18, 14:50:14:434] info: Store: SET_FULL_SCREEN
[03/13/18, 14:51:58:734] info: Store: SET_FULL_SCREEN
[03/13/18, 14:52:09:957] info: Store: SET_FULL_SCREEN
[03/13/18, 14:52:16:961] info: Store: SET_FULL_SCREEN
[03/13/18, 14:52:50:872] info: Store: SET_FULL_SCREEN
[03/13/18, 14:53:18:810] info: Store: SET_FULL_SCREEN
[03/13/18, 14:53:55:455] info: Store: SET_FULL_SCREEN
[03/13/18, 14:54:24:143] info: Store: SET_FULL_SCREEN
[03/13/18, 14:54:46:024] info: Store: SET_FULL_SCREEN
[03/13/18, 14:56:17:538] info: Store: SET_FULL_SCREEN
[03/13/18, 15:14:45:559] info: Store: NEW_NOTIFICATION
{
  "avatarImage": "https://ca.slack-edge.com/T4AA7TJ1G-U4B16NXP1-59723e240d0e-512",
  "channel": "D4B0W0R46",
  "content": "[REDACTED]",
  "id": "L5JWtkim8z9zjAB",
  "imageUri": null,
  "launchUri": "slack://channel?id=D4B0W0R46&message=1520972085.000366&team=T4AA7TJ1G",
  "msg": "1520972085.000366",
  "silent": true,
  "subtitle": "",
  "teamId": "T4AA7TJ1G",
  "title": "[REDACTED]"
}
[03/13/18, 15:15:19:159] info: Store: NEW_NOTIFICATION
{
  "avatarImage": "https://ca.slack-edge.com/T4AA7TJ1G-U4B16NXP1-59723e240d0e-512",
  "channel": "D4B0W0R46",
  "content": "[REDACTED]",
  "id": "lM7EhOsqX565A5k",
  "imageUri": null,
  "launchUri": "slack://channel?id=D4B0W0R46&message=1520972119.000041&team=T4AA7TJ1G",
  "msg": "1520972119.000041",
  "silent": true,
  "subtitle": "",
  "teamId": "T4AA7TJ1G",
  "title": "[REDACTED]"
}
[03/13/18, 15:15:23:482] info: Store: NEW_NOTIFICATION
{
  "avatarImage": "https://ca.slack-edge.com/T4AA7TJ1G-U4B16NXP1-59723e240d0e-512",
  "channel": "D4B0W0R46",
  "content": "[REDACTED]",
  "id": "lM7EhztqX56578r",
  "imageUri": null,
  "launchUri": "slack://channel?id=D4B0W0R46&message=1520972123.000311&team=T4AA7TJ1G",
  "msg": "1520972123.000311",
  "silent": true,
  "subtitle": "",
  "teamId": "T4AA7TJ1G",
  "title": "[REDACTED]"
}
[03/13/18, 15:15:27:670] info: Store: NEW_NOTIFICATION
{
  "avatarImage": "https://ca.slack-edge.com/T4AA7TJ1G-U4B16NXP1-59723e240d0e-512",
  "channel": "D4B0W0R46",
  "content": "[REDACTED]",
  "id": "wRr7IyuK2pwpZv1",
  "imageUri": null,
  "launchUri": "slack://channel?id=D4B0W0R46&message=1520972127.000425&team=T4AA7TJ1G",
  "msg": "1520972127.000425",
  "silent": true,
  "subtitle": "",
  "teamId": "T4AA7TJ1G",
  "title": "[REDACTED]"
}
[03/13/18, 15:47:17:029] info: Store: SET_FULL_SCREEN
[03/13/18, 15:47:26:970] info: Store: SET_FULL_SCREEN
[03/13/18, 15:47:28:019] info: Store: SET_FULL_SCREEN
[03/13/18, 15:48:08:526] info: Store: UPDATE_TEAM_ICONS
{
  "icons": {
    "image_102": "https://slack-files2.s3-us-west-2.amazonaws.com/avatars/2017-03-14/154728182087_c6b7bdcc833c499b1f4e_102.jpg",
    "image_132": "https://slack-files2.s3-us-west-2.amazonaws.com/avatars/2017-03-14/154728182087_c6b7bdcc833c499b1f4e_132.jpg",
    "image_230": "https://slack-files2.s3-us-west-2.amazonaws.com/avatars/2017-03-14/154728182087_c6b7bdcc833c499b1f4e_230.jpg",
    "image_34": "https://slack-files2.s3-us-west-2.amazonaws.com/avatars/2017-03-14/154728182087_c6b7bdcc833c499b1f4e_34.jpg",
    "image_44": "https://slack-files2.s3-us-west-2.amazonaws.com/avatars/2017-03-14/154728182087_c6b7bdcc833c499b1f4e_44.jpg",
    "image_68": "https://slack-files2.s3-us-west-2.amazonaws.com/avatars/2017-03-14/154728182087_c6b7bdcc833c499b1f4e_68.jpg",
    "image_88": "https://slack-files2.s3-us-west-2.amazonaws.com/avatars/2017-03-14/154728182087_c6b7bdcc833c499b1f4e_88.jpg",
    "image_original": "https://slack-files2.s3-us-west-2.amazonaws.com/avatars/2017-03-14/154728182087_c6b7bdcc833c499b1f4e_original.jpg"
  },
  "teamId": "T4AA7TJ1G"
}
[03/13/18, 15:48:08:630] info: Store: UPDATE_TEAM_LOCALE
{
  "locale": "en-US",
  "teamId": "T4AA7TJ1G"
}
[03/13/18, 15:52:56:981] info: Store: NEW_NOTIFICATION
{
  "avatarImage": "https://ca.slack-edge.com/T4AA7TJ1G-U4CMPPBNX-f17652ab20c7-512",
  "channel": "D4DEB1TPG",
  "content": "[REDACTED]",
  "id": "DJ8WIJCZK4D8yPN",
  "imageUri": null,
  "launchUri": "slack://channel?id=D4DEB1TPG&message=1520974376.000675&team=T4AA7TJ1G",
  "msg": "1520974376.000675",
  "silent": true,
  "subtitle": "",
  "teamId": "T4AA7TJ1G",
  "title": "[REDACTED]"
}
[03/13/18, 15:53:05:298] info: Store: SET_FULL_SCREEN
[03/13/18, 15:53:05:392] info: Store: SELECT_CHANNEL D4DEB1TPG
[03/13/18, 15:53:46:605] info: Store: SET_FULL_SCREEN
[03/13/18, 15:54:13:298] info: Store: NEW_NOTIFICATION
{
  "avatarImage": "https://ca.slack-edge.com/T4AA7TJ1G-U4CMPPBNX-f17652ab20c7-512",
  "channel": "D4DEB1TPG",
  "content": "[REDACTED]",
  "id": "P5QWtoFjqw2myQR",
  "imageUri": null,
  "launchUri": "slack://channel?id=D4DEB1TPG&message=1520974453.000106&team=T4AA7TJ1G",
  "msg": "1520974453.000106",
  "silent": true,
  "subtitle": "",
  "teamId": "T4AA7TJ1G",
  "title": "[REDACTED]"
}
[03/13/18, 15:58:02:344] info: Store: SET_FULL_SCREEN
[03/13/18, 15:58:03:842] info: Store: SET_FULL_SCREEN
[03/13/18, 16:42:59:238] info: Store: NEW_NOTIFICATION
{
  "avatarImage": "https://ca.slack-edge.com/T4AA7TJ1G-U4CMPPBNX-f17652ab20c7-512",
  "channel": "D4DEB1TPG",
  "content": "[REDACTED]",
  "id": "rM9Vh6HypwAK3gl",
  "imageUri": null,
  "launchUri": "slack://channel?id=D4DEB1TPG&message=1520977378.000552&team=T4AA7TJ1G",
  "msg": "1520977378.000552",
  "silent": true,
  "subtitle": "",
  "teamId": "T4AA7TJ1G",
  "title": "[REDACTED]"
}
[03/13/18, 16:43:21:591] info: Store: NEW_NOTIFICATION
{
  "avatarImage": "https://ca.slack-edge.com/T4AA7TJ1G-U4CMPPBNX-f17652ab20c7-512",
  "channel": "D4DEB1TPG",
  "content": "[REDACTED]",
  "id": "O586tEIryZ7q8Pg",
  "imageUri": null,
  "launchUri": "slack://channel?id=D4DEB1TPG&message=1520977401.000146&team=T4AA7TJ1G",
  "msg": "1520977401.000146",
  "silent": true,
  "subtitle": "",
  "teamId": "T4AA7TJ1G",
  "title": "[REDACTED]"
}
[03/13/18, 17:00:23:632] info: Store: NEW_NOTIFICATION
{
  "avatarImage": "https://ca.slack-edge.com/T4AA7TJ1G-U4X7WTMC5-efa4da54736f-512",
  "channel": "G9PBVCAQ4",
  "content": "[REDACTED]",
  "id": "Q57gtgSkmoN51PA",
  "imageUri": null,
  "launchUri": "slack://channel?id=G9PBVCAQ4&message=1520978423.000181&team=T4AA7TJ1G",
  "msg": "1520978423.000181",
  "silent": true,
  "subtitle": "",
  "teamId": "T4AA7TJ1G",
  "title": "[REDACTED]"
}
[03/13/18, 17:05:04:989] info: Store: NEW_NOTIFICATION
{
  "avatarImage": "https://ca.slack-edge.com/T4AA7TJ1G-U4ACYKFJ6-4e4ff2b01d7d-512",
  "channel": "D4AFK958V",
  "content": "[REDACTED]",
  "id": "wRr7IoTK2pjBWLZ",
  "imageUri": null,
  "launchUri": "slack://channel?id=D4AFK958V&message=1520978704.000370&team=T4AA7TJ1G",
  "msg": "1520978704.000370",
  "silent": true,
  "subtitle": "",
  "teamId": "T4AA7TJ1G",
  "title": "[REDACTED]"
}
[03/13/18, 17:14:37:429] info: Store: NEW_NOTIFICATION
{
  "avatarImage": "https://ca.slack-edge.com/T4AA7TJ1G-U4X7WTMC5-efa4da54736f-512",
  "channel": "G9PBVCAQ4",
  "content": "[REDACTED]",
  "id": "R51jt8UOng52YNK",
  "imageUri": null,
  "launchUri": "slack://channel?id=G9PBVCAQ4&message=1520979277.000056&team=T4AA7TJ1G",
  "msg": "1520979277.000056",
  "silent": true,
  "subtitle": "",
  "teamId": "T4AA7TJ1G",
  "title": "[REDACTED]"
}
[03/13/18, 17:14:47:257] info: Store: NEW_NOTIFICATION
{
  "avatarImage": "https://ca.slack-edge.com/T4AA7TJ1G-U4X7WTMC5-efa4da54736f-512",
  "channel": "G9PBVCAQ4",
  "content": "[REDACTED]",
  "id": "L5JWtMcm8zpNvgZ",
  "imageUri": null,
  "launchUri": "slack://channel?id=G9PBVCAQ4&message=1520979286.000482&team=T4AA7TJ1G",
  "msg": "1520979286.000482",
  "silent": true,
  "subtitle": "",
  "teamId": "T4AA7TJ1G",
  "title": "[REDACTED]"
}
[03/13/18, 19:13:34:125] info: Store: UPDATE_TEAM_ICONS
{
  "icons": {
    "image_102": "https://slack-files2.s3-us-west-2.amazonaws.com/avatars/2017-03-14/154728182087_c6b7bdcc833c499b1f4e_102.jpg",
    "image_132": "https://slack-files2.s3-us-west-2.amazonaws.com/avatars/2017-03-14/154728182087_c6b7bdcc833c499b1f4e_132.jpg",
    "image_230": "https://slack-files2.s3-us-west-2.amazonaws.com/avatars/2017-03-14/154728182087_c6b7bdcc833c499b1f4e_230.jpg",
    "image_34": "https://slack-files2.s3-us-west-2.amazonaws.com/avatars/2017-03-14/154728182087_c6b7bdcc833c499b1f4e_34.jpg",
    "image_44": "https://slack-files2.s3-us-west-2.amazonaws.com/avatars/2017-03-14/154728182087_c6b7bdcc833c499b1f4e_44.jpg",
    "image_68": "https://slack-files2.s3-us-west-2.amazonaws.com/avatars/2017-03-14/154728182087_c6b7bdcc833c499b1f4e_68.jpg",
    "image_88": "https://slack-files2.s3-us-west-2.amazonaws.com/avatars/2017-03-14/154728182087_c6b7bdcc833c499b1f4e_88.jpg",
    "image_original": "https://slack-files2.s3-us-west-2.amazonaws.com/avatars/2017-03-14/154728182087_c6b7bdcc833c499b1f4e_original.jpg"
  },
  "teamId": "T4AA7TJ1G"
}
[03/13/18, 19:13:34:198] info: Store: UPDATE_TEAM_LOCALE
{
  "locale": "en-US",
  "teamId": "T4AA7TJ1G"
}
