[03/13/18, 14:34:53:971] info: ╔═════════════════════════════════════════════════════════════════════════════════╗
[03/13/18, 14:34:53:971] info: ║      Slack 3.1.0, linux 4.15.0-10-generic on x64 at 03/13/18, 14:34:53:968      ║
[03/13/18, 14:34:53:971] info: ╚═════════════════════════════════════════════════════════════════════════════════╝
[03/13/18, 14:34:54:043] info: Initializing local storage instance at path: /home/andy/.config/Slack/local-settings.json
[03/13/18, 14:34:54:323] info: cld3::loadModule: loading cld3 module
[03/13/18, 14:34:54:343] info: cld3Loader::loadModule: running environment is NODE
[03/13/18, 14:34:54:343] info: cld3Loader::loadModule: constructed module object for runtime
[03/13/18, 14:34:54:439] info: cld3Loader::initializeRuntime: successfully initialized module
[03/13/18, 14:34:54:439] info: cld3Loader::loadModule: initialized wasm binary Runtime
[03/13/18, 14:34:54:442] warn: updateSpellcheckerLanguage: Tried to update language, but spellchecker not initialized
[03/13/18, 14:34:54:443] info: SSBIntegration: Main window preload script loaded 708.244358
[03/13/18, 14:34:56:729] info: Store: UPSERT_WEB_CONTENTS
{
  "id": 3,
  "state": "loaded",
  "teamId": "T4AA7TJ1G"
}
[03/13/18, 14:34:56:942] info: Store: UPDATE_SESSION_STATUS
{
  "hasValidSession": true,
  "teamId": "T4AA7TJ1G"
}
[03/13/18, 14:34:56:956] info: Store: SELECT_CHANNEL C4ACUJ2HK
[03/13/18, 14:34:56:957] info: Store: UPDATE_TEAM_LOCALE
{
  "locale": "en-US"
}
[03/13/18, 14:34:57:256] info: Store: UPDATE_TEAM_ICONS
{
  "icons": {
    "image_102": "https://slack-files2.s3-us-west-2.amazonaws.com/avatars/2017-03-14/154728182087_c6b7bdcc833c499b1f4e_102.jpg",
    "image_132": "https://slack-files2.s3-us-west-2.amazonaws.com/avatars/2017-03-14/154728182087_c6b7bdcc833c499b1f4e_132.jpg",
    "image_230": "https://slack-files2.s3-us-west-2.amazonaws.com/avatars/2017-03-14/154728182087_c6b7bdcc833c499b1f4e_230.jpg",
    "image_34": "https://slack-files2.s3-us-west-2.amazonaws.com/avatars/2017-03-14/154728182087_c6b7bdcc833c499b1f4e_34.jpg",
    "image_44": "https://slack-files2.s3-us-west-2.amazonaws.com/avatars/2017-03-14/154728182087_c6b7bdcc833c499b1f4e_44.jpg",
    "image_68": "https://slack-files2.s3-us-west-2.amazonaws.com/avatars/2017-03-14/154728182087_c6b7bdcc833c499b1f4e_68.jpg",
    "image_88": "https://slack-files2.s3-us-west-2.amazonaws.com/avatars/2017-03-14/154728182087_c6b7bdcc833c499b1f4e_88.jpg",
    "image_original": "https://slack-files2.s3-us-west-2.amazonaws.com/avatars/2017-03-14/154728182087_c6b7bdcc833c499b1f4e_original.jpg"
  },
  "teamId": "T4AA7TJ1G"
}
[03/13/18, 14:34:57:257] info: Store: UPDATE_TEAM_LOCALE
{
  "locale": "en-US",
  "teamId": "T4AA7TJ1G"
}
[03/13/18, 14:34:57:257] info: Store: UPSERT_WEB_CONTENTS
{
  "id": 3,
  "state": "webapp-loaded",
  "teamId": "T4AA7TJ1G"
}
[03/13/18, 14:34:57:290] info: Store: UPDATE_TEAM_THEME
{
  "teamId": "T4AA7TJ1G",
  "theme": {
    "active_item": "#4C9689",
    "active_item_text": "#FFFFFF",
    "active_presence": "#38978D",
    "badge": "#EB4D5C",
    "column_bg": "#4D394B",
    "hover_item": "#3E313C",
    "menu_bg": "#3E313C",
    "text_color": "#FFFFFF"
  }
}
[03/13/18, 14:34:57:987] info: Raw Locale list: ["C","C.UTF-8","en_AG","en_AG.utf8","en_AU.utf8","en_BW.utf8","en_CA.utf8","en_DK.utf8","en_GB.utf8","en_HK.utf8","en_IE.utf8","en_IL","en_IL.utf8","en_IN","en_IN.utf8","en_NG","en_NG.utf8","en_NZ.utf8","en_PH.utf8","en_SG.utf8","en_US.utf8","en_ZA.utf8","en_ZM","en_ZM.utf8","en_ZW.utf8","POSIX",""]
[03/13/18, 14:34:57:988] info: Filtered Locale list: ["en_AG","en_AG","en_AU","en_BW","en_CA","en_DK","en_GB","en_HK","en_IE","en_IL","en_IL","en_IN","en_IN","en_NG","en_NG","en_NZ","en_PH","en_SG","en_US","en_ZA","en_ZM","en_ZM","en_ZW"]
[03/13/18, 14:34:57:988] info: Counts: {"en":["en_AG","en_AG","en_AU","en_BW","en_CA","en_DK","en_GB","en_HK","en_IE","en_IL","en_IL","en_IN","en_IN","en_NG","en_NG","en_NZ","en_PH","en_SG","en_US","en_ZA","en_ZM","en_ZM","en_ZW"]}
[03/13/18, 14:34:57:989] info: Result: {"en":"en-US"}
[03/13/18, 14:34:57:990] info: Requesting to load en-US, alternatives are ["en-US","en-US","en-US"]
[03/13/18, 14:34:57:991] info: Loading dictionary for language en-US
[03/13/18, 14:34:57:991] info: Returning local copy: /home/andy/.config/Slack/dictionaries/en-US.bdic
[03/13/18, 14:34:57:993] info: Setting current spellchecker to en-US, requested language was en-US
[03/13/18, 14:34:57:993] info: Creating node-spellchecker instance
[03/13/18, 14:34:57:994] info: Actually installing spell check provider to Electron
[03/13/18, 14:34:58:610] info: Loading dictionary for language en-US
[03/13/18, 14:34:58:610] info: Returning local copy: /home/andy/.config/Slack/dictionaries/en-US.bdic
[03/13/18, 14:34:58:611] info: Setting current spellchecker to en-US, requested language was en-US
[03/13/18, 14:38:06:962] info: Store: NEW_NOTIFICATION
{
  "avatarImage": "https://ca.slack-edge.com/T4AA7TJ1G-U4ACYKFJ6-4e4ff2b01d7d-512",
  "channel": "C4ACUJ2HK",
  "content": "[REDACTED]",
  "id": "P5QWt4hjqw3lVw5",
  "imageUri": null,
  "launchUri": "slack://channel?id=C4ACUJ2HK&message=1520969887.000094&team=T4AA7TJ1G",
  "msg": "1520969887.000094",
  "silent": true,
  "subtitle": "",
  "teamId": "T4AA7TJ1G",
  "title": "[REDACTED]"
}
[03/13/18, 14:42:26:525] info: Store: SET_FULL_SCREEN
[03/13/18, 14:42:57:646] info: Unloading spellchecker
[03/13/18, 14:42:57:647] info: Unloading spellchecker
[03/13/18, 14:42:57:668] info: Store: SET_FULL_SCREEN
[03/13/18, 14:43:06:185] info: Restoring spellchecker
[03/13/18, 14:43:06:186] info: Loading dictionary for language en-US
[03/13/18, 14:43:06:186] info: Returning local copy: /home/andy/.config/Slack/dictionaries/en-US.bdic
[03/13/18, 14:43:06:190] info: Store: SET_FULL_SCREEN
[03/13/18, 14:43:06:191] info: Setting current spellchecker to en-US, requested language was en-US
[03/13/18, 14:43:06:191] info: Creating node-spellchecker instance
[03/13/18, 14:43:13:620] info: Unloading spellchecker
[03/13/18, 14:43:13:621] info: Unloading spellchecker
[03/13/18, 14:43:13:621] info: Store: SET_FULL_SCREEN
[03/13/18, 14:49:40:621] info: Restoring spellchecker
[03/13/18, 14:49:40:621] info: Loading dictionary for language en-US
[03/13/18, 14:49:40:621] info: Returning local copy: /home/andy/.config/Slack/dictionaries/en-US.bdic
[03/13/18, 14:49:40:814] info: Store: SET_FULL_SCREEN
[03/13/18, 14:49:40:840] info: Setting current spellchecker to en-US, requested language was en-US
[03/13/18, 14:49:40:840] info: Creating node-spellchecker instance
[03/13/18, 14:50:14:435] info: Unloading spellchecker
[03/13/18, 14:50:14:436] info: Unloading spellchecker
[03/13/18, 14:50:14:455] info: Store: SET_FULL_SCREEN
[03/13/18, 14:51:58:732] info: Restoring spellchecker
[03/13/18, 14:51:58:733] info: Loading dictionary for language en-US
[03/13/18, 14:51:58:733] info: Returning local copy: /home/andy/.config/Slack/dictionaries/en-US.bdic
[03/13/18, 14:51:58:739] info: Store: SET_FULL_SCREEN
[03/13/18, 14:51:58:740] info: Setting current spellchecker to en-US, requested language was en-US
[03/13/18, 14:51:58:740] info: Creating node-spellchecker instance
[03/13/18, 14:52:09:958] info: Unloading spellchecker
[03/13/18, 14:52:09:959] info: Unloading spellchecker
[03/13/18, 14:52:09:977] info: Store: SET_FULL_SCREEN
[03/13/18, 14:52:16:959] info: Restoring spellchecker
[03/13/18, 14:52:16:960] info: Loading dictionary for language en-US
[03/13/18, 14:52:16:960] info: Returning local copy: /home/andy/.config/Slack/dictionaries/en-US.bdic
[03/13/18, 14:52:16:969] info: Store: SET_FULL_SCREEN
[03/13/18, 14:52:17:006] info: Setting current spellchecker to en-US, requested language was en-US
[03/13/18, 14:52:17:006] info: Creating node-spellchecker instance
[03/13/18, 14:52:50:873] info: Unloading spellchecker
[03/13/18, 14:52:50:874] info: Unloading spellchecker
[03/13/18, 14:52:50:896] info: Store: SET_FULL_SCREEN
[03/13/18, 14:53:18:810] info: Restoring spellchecker
[03/13/18, 14:53:18:811] info: Loading dictionary for language en-US
[03/13/18, 14:53:18:811] info: Returning local copy: /home/andy/.config/Slack/dictionaries/en-US.bdic
[03/13/18, 14:53:18:857] info: Store: SET_FULL_SCREEN
[03/13/18, 14:53:18:858] info: Setting current spellchecker to en-US, requested language was en-US
[03/13/18, 14:53:18:858] info: Creating node-spellchecker instance
[03/13/18, 14:53:51:954] warn: SpellChecker::updateDetectedLanguage: cld could not detect language correctly, empty result returned
[03/13/18, 14:53:55:457] info: Unloading spellchecker
[03/13/18, 14:53:55:458] info: Unloading spellchecker
[03/13/18, 14:53:55:458] info: Store: SET_FULL_SCREEN
[03/13/18, 14:54:24:145] info: Restoring spellchecker
[03/13/18, 14:54:24:145] info: Loading dictionary for language en-US
[03/13/18, 14:54:24:146] info: Returning local copy: /home/andy/.config/Slack/dictionaries/en-US.bdic
[03/13/18, 14:54:24:151] info: Store: SET_FULL_SCREEN
[03/13/18, 14:54:24:152] info: Setting current spellchecker to en-US, requested language was en-US
[03/13/18, 14:54:24:152] info: Creating node-spellchecker instance
[03/13/18, 14:54:46:026] info: Unloading spellchecker
[03/13/18, 14:54:46:028] info: Unloading spellchecker
[03/13/18, 14:54:46:052] info: Store: SET_FULL_SCREEN
[03/13/18, 14:56:17:538] info: Restoring spellchecker
[03/13/18, 14:56:17:539] info: Loading dictionary for language en-US
[03/13/18, 14:56:17:539] info: Returning local copy: /home/andy/.config/Slack/dictionaries/en-US.bdic
[03/13/18, 14:56:17:595] info: Store: SET_FULL_SCREEN
[03/13/18, 14:56:17:596] info: Setting current spellchecker to en-US, requested language was en-US
[03/13/18, 14:56:17:596] info: Creating node-spellchecker instance
[03/13/18, 14:56:31:019] info: SpellChecker::updateDetectedLanguage: language has changed from 'und' to 'en'
{
  "language": "en",
  "probability": 0.9999828338623047,
  "is_reliable": true,
  "proportion": 1
}
[03/13/18, 14:56:31:020] info: SpellChecker::updateDetectedLanguage: detected language is distinct to current, push values
[03/13/18, 15:14:45:558] info: Store: NEW_NOTIFICATION
{
  "avatarImage": "https://ca.slack-edge.com/T4AA7TJ1G-U4B16NXP1-59723e240d0e-512",
  "channel": "D4B0W0R46",
  "content": "[REDACTED]",
  "id": "L5JWtkim8z9zjAB",
  "imageUri": null,
  "launchUri": "slack://channel?id=D4B0W0R46&message=1520972085.000366&team=T4AA7TJ1G",
  "msg": "1520972085.000366",
  "silent": true,
  "subtitle": "",
  "teamId": "T4AA7TJ1G",
  "title": "[REDACTED]"
}
[03/13/18, 15:15:19:159] info: Store: NEW_NOTIFICATION
{
  "avatarImage": "https://ca.slack-edge.com/T4AA7TJ1G-U4B16NXP1-59723e240d0e-512",
  "channel": "D4B0W0R46",
  "content": "[REDACTED]",
  "id": "lM7EhOsqX565A5k",
  "imageUri": null,
  "launchUri": "slack://channel?id=D4B0W0R46&message=1520972119.000041&team=T4AA7TJ1G",
  "msg": "1520972119.000041",
  "silent": true,
  "subtitle": "",
  "teamId": "T4AA7TJ1G",
  "title": "[REDACTED]"
}
[03/13/18, 15:15:23:512] info: Store: NEW_NOTIFICATION
{
  "avatarImage": "https://ca.slack-edge.com/T4AA7TJ1G-U4B16NXP1-59723e240d0e-512",
  "channel": "D4B0W0R46",
  "content": "[REDACTED]",
  "id": "lM7EhztqX56578r",
  "imageUri": null,
  "launchUri": "slack://channel?id=D4B0W0R46&message=1520972123.000311&team=T4AA7TJ1G",
  "msg": "1520972123.000311",
  "silent": true,
  "subtitle": "",
  "teamId": "T4AA7TJ1G",
  "title": "[REDACTED]"
}
[03/13/18, 15:15:27:671] info: Store: NEW_NOTIFICATION
{
  "avatarImage": "https://ca.slack-edge.com/T4AA7TJ1G-U4B16NXP1-59723e240d0e-512",
  "channel": "D4B0W0R46",
  "content": "[REDACTED]",
  "id": "wRr7IyuK2pwpZv1",
  "imageUri": null,
  "launchUri": "slack://channel?id=D4B0W0R46&message=1520972127.000425&team=T4AA7TJ1G",
  "msg": "1520972127.000425",
  "silent": true,
  "subtitle": "",
  "teamId": "T4AA7TJ1G",
  "title": "[REDACTED]"
}
[03/13/18, 15:47:17:030] info: Unloading spellchecker
[03/13/18, 15:47:17:064] info: Unloading spellchecker
[03/13/18, 15:47:17:064] info: Store: SET_FULL_SCREEN
[03/13/18, 15:47:26:969] info: Restoring spellchecker
[03/13/18, 15:47:26:970] info: Loading dictionary for language en-US
[03/13/18, 15:47:26:970] info: Returning local copy: /home/andy/.config/Slack/dictionaries/en-US.bdic
[03/13/18, 15:47:27:009] info: Store: SET_FULL_SCREEN
[03/13/18, 15:47:27:013] info: Setting current spellchecker to en-US, requested language was en-US
[03/13/18, 15:47:27:013] info: Creating node-spellchecker instance
[03/13/18, 15:47:28:020] info: Unloading spellchecker
[03/13/18, 15:47:28:021] info: Unloading spellchecker
[03/13/18, 15:47:28:021] info: Store: SET_FULL_SCREEN
[03/13/18, 15:48:07:713] error: Mar-13 15:48:07.712 T4AA7TJ1G SOCKET-MANAGER: Closing socket due to unknown error
[03/13/18, 15:48:08:746] info: Store: UPDATE_TEAM_ICONS
{
  "icons": {
    "image_102": "https://slack-files2.s3-us-west-2.amazonaws.com/avatars/2017-03-14/154728182087_c6b7bdcc833c499b1f4e_102.jpg",
    "image_132": "https://slack-files2.s3-us-west-2.amazonaws.com/avatars/2017-03-14/154728182087_c6b7bdcc833c499b1f4e_132.jpg",
    "image_230": "https://slack-files2.s3-us-west-2.amazonaws.com/avatars/2017-03-14/154728182087_c6b7bdcc833c499b1f4e_230.jpg",
    "image_34": "https://slack-files2.s3-us-west-2.amazonaws.com/avatars/2017-03-14/154728182087_c6b7bdcc833c499b1f4e_34.jpg",
    "image_44": "https://slack-files2.s3-us-west-2.amazonaws.com/avatars/2017-03-14/154728182087_c6b7bdcc833c499b1f4e_44.jpg",
    "image_68": "https://slack-files2.s3-us-west-2.amazonaws.com/avatars/2017-03-14/154728182087_c6b7bdcc833c499b1f4e_68.jpg",
    "image_88": "https://slack-files2.s3-us-west-2.amazonaws.com/avatars/2017-03-14/154728182087_c6b7bdcc833c499b1f4e_88.jpg",
    "image_original": "https://slack-files2.s3-us-west-2.amazonaws.com/avatars/2017-03-14/154728182087_c6b7bdcc833c499b1f4e_original.jpg"
  },
  "teamId": "T4AA7TJ1G"
}
[03/13/18, 15:48:08:748] info: Store: UPDATE_TEAM_LOCALE
{
  "locale": "en-US",
  "teamId": "T4AA7TJ1G"
}
[03/13/18, 15:52:56:981] info: Store: NEW_NOTIFICATION
{
  "avatarImage": "https://ca.slack-edge.com/T4AA7TJ1G-U4CMPPBNX-f17652ab20c7-512",
  "channel": "D4DEB1TPG",
  "content": "[REDACTED]",
  "id": "DJ8WIJCZK4D8yPN",
  "imageUri": null,
  "launchUri": "slack://channel?id=D4DEB1TPG&message=1520974376.000675&team=T4AA7TJ1G",
  "msg": "1520974376.000675",
  "silent": true,
  "subtitle": "",
  "teamId": "T4AA7TJ1G",
  "title": "[REDACTED]"
}
[03/13/18, 15:53:05:298] info: Restoring spellchecker
[03/13/18, 15:53:05:299] info: Loading dictionary for language en-US
[03/13/18, 15:53:05:299] info: Returning local copy: /home/andy/.config/Slack/dictionaries/en-US.bdic
[03/13/18, 15:53:05:340] info: Store: SET_FULL_SCREEN
[03/13/18, 15:53:05:341] info: Setting current spellchecker to en-US, requested language was en-US
[03/13/18, 15:53:05:341] info: Creating node-spellchecker instance
[03/13/18, 15:53:05:472] info: Store: SELECT_CHANNEL D4DEB1TPG
[03/13/18, 15:53:05:888] info: Loading dictionary for language en-US
[03/13/18, 15:53:05:889] info: Returning local copy: /home/andy/.config/Slack/dictionaries/en-US.bdic
[03/13/18, 15:53:05:889] info: Setting current spellchecker to en-US, requested language was en-US
[03/13/18, 15:53:46:607] info: Unloading spellchecker
[03/13/18, 15:53:46:608] info: Unloading spellchecker
[03/13/18, 15:53:46:609] info: Store: SET_FULL_SCREEN
[03/13/18, 15:54:13:297] info: Store: NEW_NOTIFICATION
{
  "avatarImage": "https://ca.slack-edge.com/T4AA7TJ1G-U4CMPPBNX-f17652ab20c7-512",
  "channel": "D4DEB1TPG",
  "content": "[REDACTED]",
  "id": "P5QWtoFjqw2myQR",
  "imageUri": null,
  "launchUri": "slack://channel?id=D4DEB1TPG&message=1520974453.000106&team=T4AA7TJ1G",
  "msg": "1520974453.000106",
  "silent": true,
  "subtitle": "",
  "teamId": "T4AA7TJ1G",
  "title": "[REDACTED]"
}
[03/13/18, 15:58:02:344] info: Restoring spellchecker
[03/13/18, 15:58:02:344] info: Loading dictionary for language en-US
[03/13/18, 15:58:02:345] info: Returning local copy: /home/andy/.config/Slack/dictionaries/en-US.bdic
[03/13/18, 15:58:02:350] info: Store: SET_FULL_SCREEN
[03/13/18, 15:58:02:352] info: Setting current spellchecker to en-US, requested language was en-US
[03/13/18, 15:58:02:352] info: Creating node-spellchecker instance
[03/13/18, 15:58:03:842] info: Unloading spellchecker
[03/13/18, 15:58:03:843] info: Unloading spellchecker
[03/13/18, 15:58:03:843] info: Store: SET_FULL_SCREEN
[03/13/18, 16:42:59:245] info: Store: NEW_NOTIFICATION
{
  "avatarImage": "https://ca.slack-edge.com/T4AA7TJ1G-U4CMPPBNX-f17652ab20c7-512",
  "channel": "D4DEB1TPG",
  "content": "[REDACTED]",
  "id": "rM9Vh6HypwAK3gl",
  "imageUri": null,
  "launchUri": "slack://channel?id=D4DEB1TPG&message=1520977378.000552&team=T4AA7TJ1G",
  "msg": "1520977378.000552",
  "silent": true,
  "subtitle": "",
  "teamId": "T4AA7TJ1G",
  "title": "[REDACTED]"
}
[03/13/18, 16:43:21:591] info: Store: NEW_NOTIFICATION
{
  "avatarImage": "https://ca.slack-edge.com/T4AA7TJ1G-U4CMPPBNX-f17652ab20c7-512",
  "channel": "D4DEB1TPG",
  "content": "[REDACTED]",
  "id": "O586tEIryZ7q8Pg",
  "imageUri": null,
  "launchUri": "slack://channel?id=D4DEB1TPG&message=1520977401.000146&team=T4AA7TJ1G",
  "msg": "1520977401.000146",
  "silent": true,
  "subtitle": "",
  "teamId": "T4AA7TJ1G",
  "title": "[REDACTED]"
}
[03/13/18, 16:54:33:671] info: Restoring spellchecker
[03/13/18, 16:54:33:671] info: Loading dictionary for language en-US
[03/13/18, 16:54:33:672] info: Returning local copy: /home/andy/.config/Slack/dictionaries/en-US.bdic
[03/13/18, 16:54:33:690] info: Unloading spellchecker
[03/13/18, 16:54:33:709] info: Unloading spellchecker
[03/13/18, 16:54:33:710] info: Setting current spellchecker to en-US, requested language was en-US
[03/13/18, 16:54:33:710] info: Creating node-spellchecker instance
[03/13/18, 17:00:23:631] info: Store: NEW_NOTIFICATION
{
  "avatarImage": "https://ca.slack-edge.com/T4AA7TJ1G-U4X7WTMC5-efa4da54736f-512",
  "channel": "G9PBVCAQ4",
  "content": "[REDACTED]",
  "id": "Q57gtgSkmoN51PA",
  "imageUri": null,
  "launchUri": "slack://channel?id=G9PBVCAQ4&message=1520978423.000181&team=T4AA7TJ1G",
  "msg": "1520978423.000181",
  "silent": true,
  "subtitle": "",
  "teamId": "T4AA7TJ1G",
  "title": "[REDACTED]"
}
[03/13/18, 17:05:04:989] info: Store: NEW_NOTIFICATION
{
  "avatarImage": "https://ca.slack-edge.com/T4AA7TJ1G-U4ACYKFJ6-4e4ff2b01d7d-512",
  "channel": "D4AFK958V",
  "content": "[REDACTED]",
  "id": "wRr7IoTK2pjBWLZ",
  "imageUri": null,
  "launchUri": "slack://channel?id=D4AFK958V&message=1520978704.000370&team=T4AA7TJ1G",
  "msg": "1520978704.000370",
  "silent": true,
  "subtitle": "",
  "teamId": "T4AA7TJ1G",
  "title": "[REDACTED]"
}
[03/13/18, 17:14:37:428] info: Store: NEW_NOTIFICATION
{
  "avatarImage": "https://ca.slack-edge.com/T4AA7TJ1G-U4X7WTMC5-efa4da54736f-512",
  "channel": "G9PBVCAQ4",
  "content": "[REDACTED]",
  "id": "R51jt8UOng52YNK",
  "imageUri": null,
  "launchUri": "slack://channel?id=G9PBVCAQ4&message=1520979277.000056&team=T4AA7TJ1G",
  "msg": "1520979277.000056",
  "silent": true,
  "subtitle": "",
  "teamId": "T4AA7TJ1G",
  "title": "[REDACTED]"
}
[03/13/18, 17:14:47:257] info: Store: NEW_NOTIFICATION
{
  "avatarImage": "https://ca.slack-edge.com/T4AA7TJ1G-U4X7WTMC5-efa4da54736f-512",
  "channel": "G9PBVCAQ4",
  "content": "[REDACTED]",
  "id": "L5JWtMcm8zpNvgZ",
  "imageUri": null,
  "launchUri": "slack://channel?id=G9PBVCAQ4&message=1520979286.000482&team=T4AA7TJ1G",
  "msg": "1520979286.000482",
  "silent": true,
  "subtitle": "",
  "teamId": "T4AA7TJ1G",
  "title": "[REDACTED]"
}
[03/13/18, 19:13:32:559] error: Mar-13 19:13:32.558 T4AA7TJ1G SOCKET-MANAGER: Closing socket due to unknown error
[03/13/18, 19:13:34:235] info: Store: UPDATE_TEAM_ICONS
{
  "icons": {
    "image_102": "https://slack-files2.s3-us-west-2.amazonaws.com/avatars/2017-03-14/154728182087_c6b7bdcc833c499b1f4e_102.jpg",
    "image_132": "https://slack-files2.s3-us-west-2.amazonaws.com/avatars/2017-03-14/154728182087_c6b7bdcc833c499b1f4e_132.jpg",
    "image_230": "https://slack-files2.s3-us-west-2.amazonaws.com/avatars/2017-03-14/154728182087_c6b7bdcc833c499b1f4e_230.jpg",
    "image_34": "https://slack-files2.s3-us-west-2.amazonaws.com/avatars/2017-03-14/154728182087_c6b7bdcc833c499b1f4e_34.jpg",
    "image_44": "https://slack-files2.s3-us-west-2.amazonaws.com/avatars/2017-03-14/154728182087_c6b7bdcc833c499b1f4e_44.jpg",
    "image_68": "https://slack-files2.s3-us-west-2.amazonaws.com/avatars/2017-03-14/154728182087_c6b7bdcc833c499b1f4e_68.jpg",
    "image_88": "https://slack-files2.s3-us-west-2.amazonaws.com/avatars/2017-03-14/154728182087_c6b7bdcc833c499b1f4e_88.jpg",
    "image_original": "https://slack-files2.s3-us-west-2.amazonaws.com/avatars/2017-03-14/154728182087_c6b7bdcc833c499b1f4e_original.jpg"
  },
  "teamId": "T4AA7TJ1G"
}
[03/13/18, 19:13:34:237] info: Store: UPDATE_TEAM_LOCALE
{
  "locale": "en-US",
  "teamId": "T4AA7TJ1G"
}
